<?xml version="1.0" encoding="UTF-8"?>
<!-- Generated by org.testng.reporters.JUnitXMLReporter -->
<testsuite ignored="0" hostname="DESKTOP-PRK5G7T" failures="2" tests="3" name="Command line test" time="0.027" errors="0" timestamp="12 Jan 2021 11:18:06 GMT">
  <testcase classname="com.issi.tests.BaseTest" name="@BeforeMethod setUp" time="0.005">
    <failure type="java.lang.ArrayIndexOutOfBoundsException" message="Index 0 out of bounds for length 0">
      <![CDATA[java.lang.ArrayIndexOutOfBoundsException: Index 0 out of bounds for length 0
at com.issi.tests.BaseTest.setUp(BaseTest.java:23)
... Removed 38 stack frames]]>
    </failure>
  </testcase> <!-- @BeforeMethod setUp -->
  <testcase classname="com.issi.tests.BaseTest" name="@AfterMethod tearDown" time="0.0">
    <skipped/>
  </testcase> <!-- @AfterMethod tearDown -->
  <testcase classname="com.issi.tests.AmazonDemoTest" name="amazonTest" time="0.0">
    <failure type="org.testng.TestNGException" message="
Cannot inject @Test annotated Method [amazonTest] with [interface java.util.Map].
For more information on native dependency injection please refer to http://testng.org/doc/documentation-main.html#native-dependency-injection">
      <![CDATA[org.testng.TestNGException: 
Cannot inject @Test annotated Method [amazonTest] with [interface java.util.Map].
For more information on native dependency injection please refer to http://testng.org/doc/documentation-main.html#native-dependency-injection
... Removed 34 stack frames]]>
    </failure>
  </testcase> <!-- amazonTest -->
  <testcase classname="com.issi.tests.HomePageTest" name="adminModuleTest" time="0.0">
    <skipped/>
  </testcase> <!-- adminModuleTest -->
  <testcase classname="com.issi.tests.LoginPageTest" name="loginLogoutTest" time="0.0">
    <failure type="org.testng.TestNGException" message="
Cannot inject @Test annotated Method [loginLogoutTest] with [interface java.util.Map].
For more information on native dependency injection please refer to http://testng.org/doc/documentation-main.html#native-dependency-injection">
      <![CDATA[org.testng.TestNGException: 
Cannot inject @Test annotated Method [loginLogoutTest] with [interface java.util.Map].
For more information on native dependency injection please refer to http://testng.org/doc/documentation-main.html#native-dependency-injection
... Removed 34 stack frames]]>
    </failure>
  </testcase> <!-- loginLogoutTest -->
</testsuite> <!-- Command line test -->
